spawn bash -c ./simulate.sh pvm
[sudo] password for sjc: 
c[?7l[2J[0mSeaBIOS (version rel-1.15.0-0-g2dd4b9b3f840-prebuilt.qemu.org)



iPXE (http://ipxe.org) 00:03.0 CA00 PCI2.10 PnP PMM+7FF91090+7FEF1090 CA00

Press Ctrl-B to configure iPXE (PCI 00:03.0)...
                                                                               



Booting from ROM..c[?7l[2J[0m.
[    0.000000] Linux version 6.7.0-rc6-pvm+ (sjc@epyc-9654) (gcc (Ubuntu 11.4.0-1ubuntu1~22.04) 11.4.0, GNU ld (GNU Binutils for Ubuntu) 2.38) #24 SMP Thu Oct 17 14:51:15 CST 2024

[    0.000000] Command line: root=/dev/vda1 console=ttyS0 hugepagesz=1G hugepages=4 norandmaps nokaslr mce=off nmi_watchdog=0 nowatchdog nosoftlockup

[    0.000000] KERNEL supported cpus:

[    0.000000]   Intel GenuineIntel

[    0.000000]   AMD AuthenticAMD

[    0.000000]   Hygon HygonGenuine

[    0.000000]   Centaur CentaurHauls

[    0.000000]   zhaoxin   Shanghai  

[    0.000000] BIOS-provided physical RAM map:

[    0.000000] BIOS-e820: [mem 0x0000000000000000-0x000000000009fbff] usable

[    0.000000] BIOS-e820: [mem 0x000000000009fc00-0x000000000009ffff] reserved

[    0.000000] BIOS-e820: [mem 0x00000000000f0000-0x00000000000fffff] reserved

[    0.000000] BIOS-e820: [mem 0x0000000000100000-0x000000007ffdbfff] usable

[    0.000000] BIOS-e820: [mem 0x000000007ffdc000-0x000000007fffffff] reserved

[    0.000000] BIOS-e820: [mem 0x00000000b0000000-0x00000000bfffffff] reserved

[    0.000000] BIOS-e820: [mem 0x00000000fed1c000-0x00000000fed1ffff] reserved

[    0.000000] BIOS-e820: [mem 0x00000000feffc000-0x00000000feffffff] reserved

[    0.000000] BIOS-e820: [mem 0x00000000fffc0000-0x00000000ffffffff] reserved

[    0.000000] BIOS-e820: [mem 0x0000000100000000-0x000000087fffffff] usable

[    0.000000] NX (Execute Disable) protection: active

[    0.000000] APIC: Static calls initialized

[    0.000000] SMBIOS 2.8 present.

[    0.000000] DMI: QEMU Standard PC (Q35 + ICH9, 2009), BIOS rel-1.15.0-0-g2dd4b9b3f840-prebuilt.qemu.org 04/01/2014

[    0.000000] Hypervisor detected: KVM

[    0.000000] kvm-clock: Using msrs 4b564d01 and 4b564d00

[    0.000000] kvm-clock: using sched offset of 161581522 cycles

[    0.000002] clocksource: kvm-clock: mask: 0xffffffffffffffff max_cycles: 0x1cd42e4dffb, max_idle_ns: 881590591483 ns

[    0.000004] tsc: Detected 999.999 MHz processor

[    0.000813] last_pfn = 0x880000 max_arch_pfn = 0x400000000

[    0.000847] MTRR map: 4 entries (3 fixed + 1 variable; max 19), built from 8 variable MTRRs

[    0.000850] x86/PAT: Configuration [0-7]: WB  WC  UC- UC  WB  WP  UC- WT  

[    0.000896] last_pfn = 0x7ffdc max_arch_pfn = 0x400000000

[    0.004254] found SMP MP-table at [mem 0x000f5b90-0x000f5b9f]

[    0.004272] Using GB pages for direct mapping

[    0.004643] ACPI: Early table checksum verification disabled

[    0.004646] ACPI: RSDP 0x00000000000F5960 000014 (v00 BOCHS )

[    0.004650] ACPI: RSDT 0x000000007FFE284B 000038 (v01 BOCHS  BXPC     00000001 BXPC 00000001)

[    0.004656] ACPI: FACP 0x000000007FFE25CB 0000F4 (v03 BOCHS  BXPC     00000001 BXPC 00000001)

[    0.004661] ACPI: DSDT 0x000000007FFE0040 00258B (v01 BOCHS  BXPC     00000001 BXPC 00000001)

[    0.004664] ACPI: FACS 0x000000007FFE0000 000040

[    0.004666] ACPI: APIC 0x000000007FFE26BF 0000F0 (v01 BOCHS  BXPC     00000001 BXPC 00000001)

[    0.004668] ACPI: HPET 0x000000007FFE27AF 000038 (v01 BOCHS  BXPC     00000001 BXPC 00000001)

[    0.004671] ACPI: MCFG 0x000000007FFE27E7 00003C (v01 BOCHS  BXPC     00000001 BXPC 00000001)

[    0.004673] ACPI: WAET 0x000000007FFE2823 000028 (v01 BOCHS  BXPC     00000001 BXPC 00000001)

[    0.004675] ACPI: Reserving FACP table memory at [mem 0x7ffe25cb-0x7ffe26be]

[    0.004676] ACPI: Reserving DSDT table memory at [mem 0x7ffe0040-0x7ffe25ca]

[    0.004677] ACPI: Reserving FACS table memory at [mem 0x7ffe0000-0x7ffe003f]

[    0.004678] ACPI: Reserving APIC table memory at [mem 0x7ffe26bf-0x7ffe27ae]

[    0.004678] ACPI: Reserving HPET table memory at [mem 0x7ffe27af-0x7ffe27e6]

[    0.004679] ACPI: Reserving MCFG table memory at [mem 0x7ffe27e7-0x7ffe2822]

[    0.004680] ACPI: Reserving WAET table memory at [mem 0x7ffe2823-0x7ffe284a]

[    0.004874] No NUMA configuration found

[    0.004875] Faking a node at [mem 0x0000000000000000-0x000000087fffffff]

[    0.004883] NODE_DATA(0) allocated [mem 0x87ffd3000-0x87fffdfff]

[    0.005082] Zone ranges:

[    0.005083]   DMA      [mem 0x0000000000001000-0x0000000000ffffff]

[    0.005084]   DMA32    [mem 0x0000000001000000-0x00000000ffffffff]

[    0.005086]   Normal   [mem 0x0000000100000000-0x000000087fffffff]

[    0.005087]   Device   empty

[    0.005088] Movable zone start for each node

[    0.005090] Early memory node ranges

[    0.005090]   node   0: [mem 0x0000000000001000-0x000000000009efff]

[    0.005092]   node   0: [mem 0x0000000000100000-0x000000007ffdbfff]

[    0.005093]   node   0: [mem 0x0000000100000000-0x000000087fffffff]

[    0.005096] Initmem setup node 0 [mem 0x0000000000001000-0x000000087fffffff]

[    0.005234] On node 0, zone DMA: 1 pages in unavailable ranges

[    0.005247] On node 0, zone DMA: 97 pages in unavailable ranges

[    0.065095] On node 0, zone Normal: 36 pages in unavailable ranges

[    0.065340] ACPI: PM-Timer IO Port: 0x608

[    0.065352] ACPI: LAPIC_NMI (acpi_id[0xff] dfl dfl lint[0x1])

[    0.065380] IOAPIC[0]: apic_id 0, version 17, address 0xfec00000, GSI 0-23

[    0.065383] ACPI: INT_SRC_OVR (bus 0 bus_irq 0 global_irq 2 dfl dfl)

[    0.065385] ACPI: INT_SRC_OVR (bus 0 bus_irq 5 global_irq 5 high level)

[    0.065386] ACPI: INT_SRC_OVR (bus 0 bus_irq 9 global_irq 9 high level)

[    0.065387] ACPI: INT_SRC_OVR (bus 0 bus_irq 10 global_irq 10 high level)

[    0.065388] ACPI: INT_SRC_OVR (bus 0 bus_irq 11 global_irq 11 high level)

[    0.065391] ACPI: Using ACPI (MADT) for SMP configuration information

[    0.065392] ACPI: HPET id: 0x8086a201 base: 0xfed00000

[    0.065396] TSC deadline timer available

[    0.065397] smpboot: Allowing 16 CPUs, 0 hotplug CPUs

[    0.065420] kvm-guest: APIC: eoi() replaced with kvm_guest_apic_eoi_write()

[    0.065435] kvm-guest: KVM setup pv remote TLB flush

[    0.065438] kvm-guest: setup PV sched yield

[    0.065446] PM: hibernation: Registered nosave memory: [mem 0x00000000-0x00000fff]

[    0.065447] PM: hibernation: Registered nosave memory: [mem 0x0009f000-0x0009ffff]

[    0.065448] PM: hibernation: Registered nosave memory: [mem 0x000a0000-0x000effff]

[    0.065449] PM: hibernation: Registered nosave memory: [mem 0x000f0000-0x000fffff]

[    0.065450] PM: hibernation: Registered nosave memory: [mem 0x7ffdc000-0x7fffffff]

[    0.065451] PM: hibernation: Registered nosave memory: [mem 0x80000000-0xafffffff]

[    0.065452] PM: hibernation: Registered nosave memory: [mem 0xb0000000-0xbfffffff]

[    0.065452] PM: hibernation: Registered nosave memory: [mem 0xc0000000-0xfed1bfff]

[    0.065453] PM: hibernation: Registered nosave memory: [mem 0xfed1c000-0xfed1ffff]

[    0.065453] PM: hibernation: Registered nosave memory: [mem 0xfed20000-0xfeffbfff]

[    0.065454] PM: hibernation: Registered nosave memory: [mem 0xfeffc000-0xfeffffff]

[    0.065455] PM: hibernation: Registered nosave memory: [mem 0xff000000-0xfffbffff]

[    0.065455] PM: hibernation: Registered nosave memory: [mem 0xfffc0000-0xffffffff]

[    0.065457] [mem 0xc0000000-0xfed1bfff] available for PCI devices

[    0.065458] Booting paravirtualized kernel on KVM

[    0.065460] clocksource: refined-jiffies: mask: 0xffffffff max_cycles: 0xffffffff, max_idle_ns: 7645519600211568 ns

[    0.065467] setup_percpu: NR_CPUS:8192 nr_cpumask_bits:16 nr_cpu_ids:16 nr_node_ids:1

[    0.066049] percpu: Embedded 63 pages/cpu s221184 r8192 d28672 u262144

[    0.066093] kvm-guest: PV spinlocks enabled

[    0.066095] PV qspinlock hash table entries: 256 (order: 0, 4096 bytes, linear)

[    0.066098] Kernel command line: root=/dev/vda1 console=ttyS0 hugepagesz=1G hugepages=4 norandmaps nokaslr mce=off nmi_watchdog=0 nowatchdog nosoftlockup

[    0.066857] Unknown kernel command line parameters "nokaslr", will be passed to user space.

[    0.066885] random: crng init done

[    0.070110] Dentry cache hash table entries: 4194304 (order: 13, 33554432 bytes, linear)

[    0.071736] Inode-cache hash table entries: 2097152 (order: 12, 16777216 bytes, linear)

[    0.071808] Fallback order for Node 0: 0 

[    0.071813] Built 1 zonelists, mobility grouping on.  Total pages: 8257244

[    0.071814] Policy zone: Normal

[    0.071822] mem auto-init: stack:off, heap alloc:on, heap free:off

[    0.071827] software IO TLB: area num 16.

[    0.120450] Memory: 28679808K/33553896K available (16384K kernel code, 3244K rwdata, 5944K rodata, 3192K init, 5680K bss, 4873832K reserved, 0K cma-reserved)

[    0.120763] SLUB: HWalign=64, Order=0-3, MinObjects=0, CPUs=16, Nodes=1

[    0.120790] ftrace: allocating 52555 entries in 206 pages

[    0.132537] ftrace: allocated 206 pages with 5 groups

[    0.132799] rcu: Hierarchical RCU implementation.

[    0.132800] rcu: 	RCU restricting CPUs from NR_CPUS=8192 to nr_cpu_ids=16.

[    0.132802] 	Rude variant of Tasks RCU enabled.

[    0.132803] 	Tracing variant of Tasks RCU enabled.

[    0.132804] rcu: RCU calculated value of scheduler-enlistment delay is 25 jiffies.

[    0.132805] rcu: Adjusting geometry for rcu_fanout_leaf=16, nr_cpu_ids=16

[    0.135821] NR_IRQS: 524544, nr_irqs: 552, preallocated irqs: 16

[    0.136035] rcu: srcu_init: Setting srcu_struct sizes based on contention.

[    0.142356] Console: colour VGA+ 80x25

[    0.142392] printk: legacy console [ttyS0] enabled

[    0.225667] ACPI: Core revision 20230628

[    0.226186] clocksource: hpet: mask: 0xffffffff max_cycles: 0xffffffff, max_idle_ns: 19112604467 ns

[    0.227209] APIC: Switch to symmetric I/O mode setup

[    0.227915] x2apic enabled

[    0.228421] APIC: Switched APIC routing to: physical x2apic

[    0.229003] kvm-guest: APIC: send_IPI_mask() replaced with kvm_send_ipi_mask()

[    0.229750] kvm-guest: APIC: send_IPI_mask_allbutself() replaced with kvm_send_ipi_mask_allbutself()

[    0.230691] kvm-guest: setup PV IPIs

[    0.231900] ..TIMER: vector=0x30 apic1=0 pin1=2 apic2=-1 pin2=-1

[    0.232624] tsc: Marking TSC unstable due to TSCs unsynchronized

[    0.233330] Calibrating delay loop (skipped) preset value.. 1999.99 BogoMIPS (lpj=3999996)

[    0.234380] x86/cpu: User Mode Instruction Prevention (UMIP) activated

[    0.235150] Last level iTLB entries: 4KB 512, 2MB 255, 4MB 127

[    0.237329] Last level dTLB entries: 4KB 512, 2MB 255, 4MB 127, 1GB 0

[    0.238075] Spectre V1 : Mitigation: usercopy/swapgs barriers and __user pointer sanitization

[    0.239058] Spectre V2 : Mitigation: Retpolines

[    0.239587] Spectre V2 : Spectre v2 / SpectreRSB mitigation: Filling RSB on context switch

[    0.240539] Spectre V2 : Spectre v2 / SpectreRSB : Filling RSB on VMEXIT

[    0.241326] Spectre V2 : Enabling Restricted Speculation for firmware calls

[    0.242131] Spectre V2 : mitigation: Enabling conditional Indirect Branch Prediction Barrier

[    0.243107] Speculative Store Bypass: Mitigation: Speculative Store Bypass disabled via prctl

[    0.244089] Speculative Return Stack Overflow: IBPB-extending microcode not applied!

[    0.245326] Speculative Return Stack Overflow: WARNING: See https://kernel.org/doc/html/latest/admin-guide/hw-vuln/srso.html for mitigation options.

[    0.245328] Speculative Return Stack Overflow: WARNING: kernel not compiled with CPU_SRSO.

[    0.247807] Speculative Return Stack Overflow: Vulnerable: No microcode

[    0.248593] x86/fpu: Supporting XSAVE feature 0x001: 'x87 floating point registers'

[    0.249326] x86/fpu: Supporting XSAVE feature 0x002: 'SSE registers'

[    0.250074] x86/fpu: Supporting XSAVE feature 0x004: 'AVX registers'

[    0.250823] x86/fpu: Supporting XSAVE feature 0x020: 'AVX-512 opmask'

[    0.251574] x86/fpu: Supporting XSAVE feature 0x040: 'AVX-512 Hi256'

[    0.252312] x86/fpu: Supporting XSAVE feature 0x080: 'AVX-512 ZMM_Hi256'

[    0.253326] x86/fpu: Supporting XSAVE feature 0x200: 'Protection Keys User registers'

[    0.254249] x86/fpu: xstate_offset[2]:  576, xstate_sizes[2]:  256

[    0.254978] x86/fpu: xstate_offset[5]:  832, xstate_sizes[5]:   64

[    0.255708] x86/fpu: xstate_offset[6]:  896, xstate_sizes[6]:  512

[    0.256454] x86/fpu: xstate_offset[7]: 1408, xstate_sizes[7]: 1024

[    0.257326] x86/fpu: xstate_offset[9]: 2432, xstate_sizes[9]:    8

[    0.258063] x86/fpu: Enabled xstate features 0x2e7, context size is 2440 bytes, using 'compacted' format.

[    0.267509] Freeing SMP alternatives memory: 44K

[    0.268073] pid_max: default: 32768 minimum: 301

[    0.268670] LSM: initializing lsm=lockdown,capability,landlock,yama,apparmor,integrity

[    0.269345] landlock: Up and running.

[    0.269789] Yama: becoming mindful.

[    0.270227] AppArmor: AppArmor initialized

[    0.270771] Mount-cache hash table entries: 65536 (order: 7, 524288 bytes, linear)

[    0.271831] Mountpoint-cache hash table entries: 65536 (order: 7, 524288 bytes, linear)

[    0.273430] smpboot: CPU0: AMD EPYC 9654 96-Core Processor (family: 0x19, model: 0x11, stepping: 0x1)

[    0.274645] RCU Tasks Rude: Setting shift to 4 and lim to 1 rcu_task_cb_adjust=1.

[    0.275551] RCU Tasks Trace: Setting shift to 4 and lim to 1 rcu_task_cb_adjust=1.

[    0.276474] Performance Events: Fam17h+ core perfctr, AMD PMU driver.

[    0.277288] ... version:                0

[    0.277329] ... bit width:              48

[    0.277824] ... generic registers:      6

[    0.278311] ... value mask:             0000ffffffffffff

[    0.278946] ... max period:             00007fffffffffff

[    0.279585] ... fixed-purpose events:   0

[    0.280068] ... event mask:             000000000000003f

[    0.280789] signal: max sigframe size: 3376

[    0.281315] rcu: Hierarchical SRCU implementation.

[    0.281328] rcu: 	Max phase no-delay instances is 1000.

[    0.282267] smp: Bringing up secondary CPUs ...

[    0.282902] smpboot: x86: Booting SMP configuration:

[    0.283499] .... node  #0, CPUs:        #1  #2  #3  #4  #5  #6  #7  #8  #9 #10 #11 #12 #13 #14 #15

[    0.289397] smp: Brought up 1 node, 16 CPUs

[    0.291009] smpboot: Max logical packages: 1

[    0.293332] smpboot: Total of 16 processors activated (31999.96 BogoMIPS)

[    0.294949] devtmpfs: initialized

[    0.294949] x86/mm: Memory block size: 128MB

[    0.298127] clocksource: jiffies: mask: 0xffffffff max_cycles: 0xffffffff, max_idle_ns: 7645041785100000 ns

[    0.298727] futex hash table entries: 4096 (order: 6, 262144 bytes, linear)

[    0.299632] pinctrl core: initialized pinctrl subsystem

[    0.300383] PM: RTC time: 04:07:04, date: 2025-01-31

[    0.301950] NET: Registered PF_NETLINK/PF_ROUTE protocol family

[    0.303097] DMA: preallocated 4096 KiB GFP_KERNEL pool for atomic allocations

[    0.304169] DMA: preallocated 4096 KiB GFP_KERNEL|GFP_DMA pool for atomic allocations

[    0.305315] DMA: preallocated 4096 KiB GFP_KERNEL|GFP_DMA32 pool for atomic allocations

[    0.305344] audit: initializing netlink subsys (disabled)

[    0.306022] audit: type=2000 audit(1738296424.647:1): state=initialized audit_enabled=0 res=1

[    0.306022] thermal_sys: Registered thermal governor 'fair_share'

[    0.306447] thermal_sys: Registered thermal governor 'bang_bang'

[    0.307206] thermal_sys: Registered thermal governor 'step_wise'

[    0.307931] thermal_sys: Registered thermal governor 'user_space'

[    0.309330] thermal_sys: Registered thermal governor 'power_allocator'

[    0.310084] EISA bus registered

[    0.311279] cpuidle: using governor ladder

[    0.311781] cpuidle: using governor menu

[    0.312662] acpiphp: ACPI Hot Plug PCI Controller Driver version: 0.5

[    0.313431] PCI: MMCONFIG for domain 0000 [bus 00-ff] at [mem 0xb0000000-0xbfffffff] (base 0xb0000000)

[    0.314569] PCI: MMCONFIG at [mem 0xb0000000-0xbfffffff] reserved as E820 entry

[    0.315455] PCI: Using configuration type 1 for base access

[    0.316615] kprobes: kprobe jump-optimization is enabled. All kprobes are optimized if possible.

[    0.321331] HugeTLB: registered 1.00 GiB page size, pre-allocated 4 pages

[    0.322175] HugeTLB: 16380 KiB vmemmap can be freed for a 1.00 GiB page

[    0.322984] HugeTLB: registered 2.00 MiB page size, pre-allocated 0 pages

[    0.323798] HugeTLB: 28 KiB vmemmap can be freed for a 2.00 MiB page

[    0.345423] ACPI: Added _OSI(Module Device)

[    0.345951] ACPI: Added _OSI(Processor Device)

[    0.346494] ACPI: Added _OSI(3.0 _SCP Extensions)

[    0.347069] ACPI: Added _OSI(Processor Aggregator Device)

[    0.349085] ACPI: 1 ACPI AML tables successfully acquired and loaded

[    0.350152] ACPI: _OSC evaluation for CPUs failed, trying _PDC

[    0.350202] ACPI: Interpreter enabled

[    0.350656] ACPI: PM: (supports S0 S3 S4 S5)

[    0.351174] ACPI: Using IOAPIC for interrupt routing

[    0.351791] PCI: Using host bridge windows from ACPI; if necessary, use "pci=nocrs" and report a bug

[    0.353329] PCI: Using E820 reservations for host bridge windows

[    0.354152] ACPI: Enabled 2 GPEs in block 00 to 3F

[    0.356785] ACPI: PCI Root Bridge [PCI0] (domain 0000 [bus 00-ff])

[    0.357334] acpi PNP0A08:00: _OSC: OS supports [ExtendedConfig ASPM ClockPM Segments MSI EDR HPX-Type3]

[    0.358508] acpi PNP0A08:00: _OSC: platform does not support [PCIeHotplug LTR DPC]

[    0.359470] acpi PNP0A08:00: _OSC: OS now controls [SHPCHotplug PME AER PCIeCapability]

[    0.360540] PCI host bridge to bus 0000:00

[    0.361037] pci_bus 0000:00: root bus resource [io  0x0000-0x0cf7 window]

[    0.361329] pci_bus 0000:00: root bus resource [io  0x0d00-0xffff window]

[    0.362146] pci_bus 0000:00: root bus resource [mem 0x000a0000-0x000bffff window]

[    0.363041] pci_bus 0000:00: root bus resource [mem 0x80000000-0xafffffff window]

[    0.363937] pci_bus 0000:00: root bus resource [mem 0xc0000000-0xfebfffff window]

[    0.364829] pci_bus 0000:00: root bus resource [mem 0x880000000-0x107fffffff window]

[    0.365328] pci_bus 0000:00: root bus resource [bus 00-ff]

[    0.366030] pci 0000:00:00.0: [8086:29c0] type 00 class 0x060000

[    0.367070] pci 0000:00:01.0: [1234:1111] type 00 class 0x030000

[    0.368893] pci 0000:00:01.0: reg 0x10: [mem 0xfd000000-0xfdffffff pref]

[    0.370947] pci 0000:00:01.0: reg 0x18: [mem 0xfebd0000-0xfebd0fff]

[    0.374994] pci 0000:00:01.0: reg 0x30: [mem 0xfebc0000-0xfebcffff pref]

[    0.375848] pci 0000:00:01.0: Video device with shadowed ROM at [mem 0x000c0000-0x000dffff]

[    0.377046] pci 0000:00:02.0: [1af4:1001] type 00 class 0x010000

[    0.380018] pci 0000:00:02.0: reg 0x10: [io  0xc000-0xc07f]

[    0.382092] pci 0000:00:02.0: reg 0x14: [mem 0xfebd1000-0xfebd1fff]

[    0.386911] pci 0000:00:02.0: reg 0x20: [mem 0xfe000000-0xfe003fff 64bit pref]

[    0.389801] pci 0000:00:03.0: [1af4:1000] type 00 class 0x020000

[    0.391335] pci 0000:00:03.0: reg 0x10: [io  0xc0c0-0xc0df]

[    0.392716] pci 0000:00:03.0: reg 0x14: [mem 0xfebd2000-0xfebd2fff]

[    0.395454] pci 0000:00:03.0: reg 0x20: [mem 0xfe004000-0xfe007fff 64bit pref]

[    0.397329] pci 0000:00:03.0: reg 0x30: [mem 0xfeb80000-0xfebbffff pref]

[    0.406217] pci 0000:00:1f.0: [8086:2918] type 00 class 0x060100

[    0.407264] pci 0000:00:1f.0: quirk: [io  0x0600-0x067f] claimed by ICH6 ACPI/GPIO/TCO

[    0.408385] pci 0000:00:1f.2: [8086:2922] type 00 class 0x010601

[    0.411522] pci 0000:00:1f.2: reg 0x20: [io  0xc0e0-0xc0ff]

[    0.412696] pci 0000:00:1f.2: reg 0x24: [mem 0xfebd3000-0xfebd3fff]

[    0.414041] pci 0000:00:1f.3: [8086:2930] type 00 class 0x0c0500

[    0.416172] pci 0000:00:1f.3: reg 0x20: [io  0x0700-0x073f]

[    0.417882] ACPI: PCI: Interrupt link LNKA configured for IRQ 10

[    0.418685] ACPI: PCI: Interrupt link LNKB configured for IRQ 10

[    0.420559] ACPI: PCI: Interrupt link LNKC configured for IRQ 11

[    0.421343] ACPI: PCI: Interrupt link LNKD configured for IRQ 11

[    0.422130] ACPI: PCI: Interrupt link LNKE configured for IRQ 10

[    0.422907] ACPI: PCI: Interrupt link LNKF configured for IRQ 10

[    0.423684] ACPI: PCI: Interrupt link LNKG configured for IRQ 11

[    0.424463] ACPI: PCI: Interrupt link LNKH configured for IRQ 11

[    0.425205] ACPI: PCI: Interrupt link GSIA configured for IRQ 16

[    0.425336] ACPI: PCI: Interrupt link GSIB configured for IRQ 17

[    0.426063] ACPI: PCI: Interrupt link GSIC configured for IRQ 18

[    0.426795] ACPI: PCI: Interrupt link GSID configured for IRQ 19

[    0.427526] ACPI: PCI: Interrupt link GSIE configured for IRQ 20

[    0.428254] ACPI: PCI: Interrupt link GSIF configured for IRQ 21

[    0.428981] ACPI: PCI: Interrupt link GSIG configured for IRQ 22

[    0.429335] ACPI: PCI: Interrupt link GSIH configured for IRQ 23

[    0.430961] iommu: Default domain type: Translated

[    0.430961] iommu: DMA domain TLB invalidation policy: lazy mode

[    0.430961] SCSI subsystem initialized

[    0.431247] ACPI: bus type USB registered

[    0.433339] usbcore: registered new interface driver usbfs

[    0.433995] usbcore: registered new interface driver hub

[    0.434637] usbcore: registered new device driver usb

[    0.435257] pps_core: LinuxPPS API ver. 1 registered

[    0.435853] pps_core: Software ver. 5.3.6 - Copyright 2005-2007 Rodolfo Giometti <giometti@linux.it>

[    0.436938] PTP clock support registered

[    0.437346] EDAC MC: Ver: 3.0.0

[    0.437819] NetLabel: Initializing

[    0.437894] NetLabel:  domain hash size = 128

[    0.438413] NetLabel:  protocols = UNLABELED CIPSOv4 CALIPSO

[    0.439092] NetLabel:  unlabeled traffic allowed by default

[    0.439771] PCI: Using ACPI for IRQ routing

[    0.543625] pci 0000:00:01.0: vgaarb: setting as boot VGA device

[    0.543625] pci 0000:00:01.0: vgaarb: bridge control possible

[    0.543625] pci 0000:00:01.0: vgaarb: VGA device added: decodes=io+mem,owns=io+mem,locks=none

[    0.545330] vgaarb: loaded

[    0.545667] hpet0: at MMIO 0xfed00000, IRQs 2, 8, 0

[    0.546015] hpet0: 3 comparators, 64-bit 100.000000 MHz counter

[    0.550457] clocksource: Switched to clocksource kvm-clock

[    0.551265] VFS: Disk quotas dquot_6.6.0

[    0.551767] VFS: Dquot-cache hash table entries: 512 (order 0, 4096 bytes)

[    0.552629] FS-Cache: Loaded

[    0.553052] AppArmor: AppArmor Filesystem Enabled

[    0.553052] pnp: PnP ACPI init

[    0.553052] system 00:05: [mem 0xb0000000-0xbfffffff window] has been reserved

[    0.554144] pnp: PnP ACPI: found 6 devices

[    0.561314] clocksource: acpi_pm: mask: 0xffffff max_cycles: 0xffffff, max_idle_ns: 2085701024 ns

[    0.562441] NET: Registered PF_INET protocol family

[    0.563232] IP idents hash table entries: 262144 (order: 9, 2097152 bytes, linear)

[    0.567276] tcp_listen_portaddr_hash hash table entries: 16384 (order: 6, 262144 bytes, linear)

[    0.568346] Table-perturb hash table entries: 65536 (order: 6, 262144 bytes, linear)

[    0.569504] TCP established hash table entries: 262144 (order: 9, 2097152 bytes, linear)

[    0.570823] TCP bind hash table entries: 65536 (order: 9, 2097152 bytes, linear)

[    0.571828] TCP: Hash tables configured (established 262144 bind 65536)

[    0.572682] MPTCP token hash table entries: 32768 (order: 7, 786432 bytes, linear)

[    0.573790] UDP hash table entries: 16384 (order: 7, 524288 bytes, linear)

[    0.574670] UDP-Lite hash table entries: 16384 (order: 7, 524288 bytes, linear)

[    0.575633] NET: Registered PF_UNIX/PF_LOCAL protocol family

[    0.576316] NET: Registered PF_XDP protocol family

[    0.576904] pci_bus 0000:00: resource 4 [io  0x0000-0x0cf7 window]

[    0.577654] pci_bus 0000:00: resource 5 [io  0x0d00-0xffff window]

[    0.578396] pci_bus 0000:00: resource 6 [mem 0x000a0000-0x000bffff window]

[    0.579219] pci_bus 0000:00: resource 7 [mem 0x80000000-0xafffffff window]

[    0.580045] pci_bus 0000:00: resource 8 [mem 0xc0000000-0xfebfffff window]

[    0.580871] pci_bus 0000:00: resource 9 [mem 0x880000000-0x107fffffff window]

[    0.581802] PCI: CLS 0 bytes, default 64

[    0.582284] PCI-DMA: Using software bounce buffering for IO (SWIOTLB)

[    0.583061] software IO TLB: mapped [mem 0x000000007bfdc000-0x000000007ffdc000] (64MB)

[    0.584428] Initialise system trusted keyrings

[    0.584974] Key type blacklist registered

[    0.585634] workingset: timestamp_bits=36 max_order=23 bucket_order=0

[    0.586414] zbud: loaded

[    0.587086] squashfs: version 4.0 (2009/01/31) Phillip Lougher

[    0.588003] fuse: init (API version 7.39)

[    0.588705] integrity: Platform Keyring initialized

[    0.600245] Key type asymmetric registered

[    0.600746] Asymmetric key parser 'x509' registered

[    0.601357] Block layer SCSI generic (bsg) driver version 0.4 loaded (major 243)

[    0.602392] io scheduler mq-deadline registered

[    0.603872] shpchp: Standard Hot Plug PCI Controller Driver version: 0.4

[    0.604769] input: Power Button as /devices/LNXSYSTM:00/LNXPWRBN:00/input/input0

[    0.605726] ACPI: button: Power Button [PWRF]

[    0.607048] ACPI: \_SB_.GSIG: Enabled at IRQ 22

[    0.608883] ACPI: \_SB_.GSIH: Enabled at IRQ 23

[    0.610268] Serial: 8250/16550 driver, 32 ports, IRQ sharing enabled

[    0.635266] 00:03: ttyS0 at I/O 0x3f8 (irq = 4, base_baud = 115200) is a 16550A

[    0.637992] Linux agpgart interface v0.103

[    0.643124] loop: module loaded

[    0.643598] virtio_blk virtio0: 16/0/0 default/read/poll queues

[    0.646630] virtio_blk virtio0: [vda] 41943040 512-byte logical blocks (21.5 GB/20.0 GiB)

[    0.649687]  vda: vda1 vda14 vda15

[    0.650431] tun: Universal TUN/TAP device driver, 1.6

[    0.651069] PPP generic driver version 2.4.2

[    0.651782] VFIO - User Level meta-driver version: 0.3

[    0.652469] i8042: PNP: PS/2 Controller [PNP0303:KBD,PNP0f13:MOU] at 0x60,0x64 irq 1,12

[    0.654042] serio: i8042 KBD port at 0x60,0x64 irq 1

[    0.654644] serio: i8042 AUX port at 0x60,0x64 irq 12

[    0.655354] mousedev: PS/2 mouse device common for all mice

[    0.656109] rtc_cmos 00:04: RTC can wake from S4

[    0.657154] input: AT Translated Set 2 keyboard as /devices/platform/i8042/serio0/input/input1

[    0.658458] rtc_cmos 00:04: registered as rtc0

[    0.659119] rtc_cmos 00:04: setting system clock to 2025-01-31T04:07:04 UTC (1738296424)

[    0.660134] rtc_cmos 00:04: alarms up to one day, y3k, 242 bytes nvram, hpet irqs

[    0.661045] i2c_dev: i2c /dev entries driver

[    0.661601] device-mapper: core: CONFIG_IMA_DISABLE_HTABLE is disabled. Duplicate IMA measurements will not be recorded in the IMA log.

[    0.663083] device-mapper: uevent: version 1.0.3

[    0.663692] device-mapper: ioctl: 4.48.0-ioctl (2023-03-01) initialised: dm-devel@redhat.com

[    0.664709] platform eisa.0: Probing EISA bus 0

[    0.665273] platform eisa.0: EISA: Cannot allocate resource for mainboard

[    0.666096] platform eisa.0: Cannot allocate resource for EISA slot 1

[    0.666865] platform eisa.0: Cannot allocate resource for EISA slot 2

[    0.667627] platform eisa.0: Cannot allocate resource for EISA slot 3

[    0.668389] platform eisa.0: Cannot allocate resource for EISA slot 4

[    0.669154] platform eisa.0: Cannot allocate resource for EISA slot 5

[    0.669930] platform eisa.0: Cannot allocate resource for EISA slot 6

[    0.670693] platform eisa.0: Cannot allocate resource for EISA slot 7

[    0.671456] platform eisa.0: Cannot allocate resource for EISA slot 8

[    0.672224] platform eisa.0: EISA: Detected 0 cards

[    0.672898] amd_pstate: the _CPC object is not present in SBIOS or ACPI disabled

[    0.674712] ledtrig-cpu: registered to indicate activity on CPUs

[    0.675495] drop_monitor: Initializing network drop monitor service

[    0.676360] NET: Registered PF_INET6 protocol family

[    0.678597] Segment Routing with IPv6

[    0.679053] In-situ OAM (IOAM) with IPv6

[    0.679544] NET: Registered PF_PACKET protocol family

[    0.680243] Key type dns_resolver registered

[    0.680769] mce: Unable to init MCE device (rc: -5)

[    0.681486] IPI shorthand broadcast: enabled

[    0.683076] sched_clock: Marking stable (588125631, 93283358)->(695159344, -13750355)

[    0.684176] registered taskstats version 1

[    0.686041] Loading compiled-in X.509 certificates

[    0.687204] Loaded X.509 cert 'Build time autogenerated kernel key: b9a1cbcc08b8165721bf682d6b795c20c213174a'

[    0.689806] Key type .fscrypt registered

[    0.690284] Key type fscrypt-provisioning registered

[    0.692022] Key type encrypted registered

[    0.692512] AppArmor: AppArmor sha1 policy hashing enabled

[    0.693171] ima: No TPM chip found, activating TPM-bypass!

[    0.693855] Loading compiled-in module X.509 certificates

[    0.695012] Loaded X.509 cert 'Build time autogenerated kernel key: b9a1cbcc08b8165721bf682d6b795c20c213174a'

[    0.696204] ima: Allocated hash algorithm: sha1

[    0.696758] ima: No architecture policies found

[    0.697482] evm: Initialising EVM extended attributes:

[    0.698102] evm: security.selinux

[    0.698500] evm: security.SMACK64

[    0.698899] evm: security.SMACK64EXEC

[    0.699343] evm: security.SMACK64TRANSMUTE

[    0.699838] evm: security.SMACK64MMAP

[    0.700281] evm: security.apparmor

[    0.700692] evm: security.ima

[    0.701052] evm: security.capability

[    0.701506] evm: HMAC attrs: 0x1

[    0.702187] PM:   Magic number: 9:784:111

[    0.702917] RAS: Correctable Errors collector initialized.

[    0.703620] clk: Disabling unused clocks

[    0.704349] md: Waiting for all devices to be available before autodetect

[    0.704982] md: If you don't use raid, use raid=noautodetect

[    0.705541] md: Autodetecting RAID arrays.

[    0.705935] md: autorun ...

[    0.706203] md: ... autorun DONE.

[    0.707448] EXT4-fs (vda1): INFO: recovery required on readonly filesystem

[    0.708100] EXT4-fs (vda1): write access will be enabled during recovery

[    0.738584] EXT4-fs (vda1): recovery complete

[    0.742829] EXT4-fs (vda1): mounted filesystem 3fe0b3c6-c5ee-4b61-a8db-fd686714bc06 ro with ordered data mode. Quota mode: none.

[    0.743909] VFS: Mounted root (ext4 filesystem) readonly on device 253:1.

[    0.744635] devtmpfs: mounted

[    0.745676] Freeing unused decrypted memory: 2028K

[    0.746466] Freeing unused kernel image (initmem) memory: 3192K

[    0.747025] Write protecting the kernel read-only data: 22528k

[    0.747760] Freeing unused kernel image (rodata/data gap) memory: 200K

[    0.785544] x86/mm: Checked W+X mappings: passed, no W+X pages found.

[    0.786138] Run /sbin/init as init process

[    0.833651] systemd[1]: Inserted module 'autofs4'

[    0.859998] systemd[1]: systemd 249.11-0ubuntu3.12 running in system mode (+PAM +AUDIT +SELINUX +APPARMOR +IMA +SMACK +SECCOMP +GCRYPT +GNUTLS +OPENSSL +ACL +BLKID +CURL +ELFUTILS +FIDO2 +IDN2 -IDN +IPTC +KMOD +LIBCRYPTSETUP +LIBFDISK +PCRE2 -PWQUALITY -P11KIT -QRENCODE +BZIP2 +LZ4 +XZ +ZLIB +ZSTD -XKBCOMMON +UTMP +SYSVINIT default-hierarchy=unified)

[    0.862933] systemd[1]: Detected virtualization kvm.

[    0.863410] systemd[1]: Detected architecture x86-64.



Welcome to [1mUbuntu 22.04.4 LTS[0m!



[    0.864786] systemd[1]: Hostname set to <ubuntu>.

[    0.886910] block vda: the capability attribute has been deprecated.

[    0.939742] systemd[1]: Configuration file /run/systemd/system/netplan-ovs-cleanup.service is marked world-inaccessible. This has no effect as configuration data is accessible via APIs without restrictions. Proceeding anyway.

[    1.010232] systemd[1]: Queued start job for default target Graphical Interface.

[    1.012211] systemd[1]: Created slice Slice /system/modprobe.

[[0;32m  OK  [0m] Created slice [0;1;39mSlice /system/modprobe[0m.

[    1.013896] systemd[1]: Created slice Slice /system/serial-getty.

[[0;32m  OK  [0m] Created slice [0;1;39mSlice /system/serial-getty[0m.

[    1.015498] systemd[1]: Created slice Slice /system/systemd-fsck.

[[0;32m  OK  [0m] Created slice [0;1;39mSlice /system/systemd-fsck[0m.

[    1.017020] systemd[1]: Created slice User and Session Slice.

[[0;32m  OK  [0m] Created slice [0;1;39mUser and Session Slice[0m.

[    1.018355] systemd[1]: Started Forward Password Requests to Wall Directory Watch.

[[0;32m  OK  [0m] Started [0;1;39mForward Password R…uests to Wall Directory Watch[0m.

[    1.020089] systemd[1]: Set up automount Arbitrary Executable File Formats File System Automount Point.

[[0;32m  OK  [0m] Set up automount [0;1;39mArbitrary…s File System Automount Point[0m.

[    1.021897] systemd[1]: Reached target Slice Units.

[[0;32m  OK  [0m] Reached target [0;1;39mSlice Units[0m.

[    1.022959] systemd[1]: Reached target Mounting snaps.

[[0;32m  OK  [0m] Reached target [0;1;39mMounting snaps[0m.

[    1.024081] systemd[1]: Reached target Swaps.

[[0;32m  OK  [0m] Reached target [0;1;39mSwaps[0m.

[    1.025069] systemd[1]: Reached target Local Verity Protected Volumes.

[[0;32m  OK  [0m] Reached target [0;1;39mLocal Verity Protected Volumes[0m.

[    1.026539] systemd[1]: Listening on Device-mapper event daemon FIFOs.

[[0;32m  OK  [0m] Listening on [0;1;39mDevice-mapper event daemon FIFOs[0m.

[    1.028019] systemd[1]: Listening on LVM2 poll daemon socket.

[[0;32m  OK  [0m] Listening on [0;1;39mLVM2 poll daemon socket[0m.

[    1.029348] systemd[1]: Listening on multipathd control socket.

[[0;32m  OK  [0m] Listening on [0;1;39mmultipathd control socket[0m.

[    1.030683] systemd[1]: Listening on Syslog Socket.

[[0;32m  OK  [0m] Listening on [0;1;39mSyslog Socket[0m.

[    1.031826] systemd[1]: Listening on fsck to fsckd communication Socket.

[[0;32m  OK  [0m] Listening on [0;1;39mfsck to fsckd communication Socket[0m.

[    1.033309] systemd[1]: Listening on initctl Compatibility Named Pipe.

[[0;32m  OK  [0m] Listening on [0;1;39minitctl Compatibility Named Pipe[0m.

[    1.034859] systemd[1]: Listening on Journal Audit Socket.

[[0;32m  OK  [0m] Listening on [0;1;39mJournal Audit Socket[0m.

[    1.036120] systemd[1]: Listening on Journal Socket (/dev/log).

[[0;32m  OK  [0m] Listening on [0;1;39mJournal Socket (/dev/log)[0m.

[    1.037494] systemd[1]: Listening on Journal Socket.

[[0;32m  OK  [0m] Listening on [0;1;39mJournal Socket[0m.

[    1.038684] systemd[1]: Listening on Network Service Netlink Socket.

[[0;32m  OK  [0m] Listening on [0;1;39mNetwork Service Netlink Socket[0m.

[    1.040118] systemd[1]: Listening on udev Control Socket.

[[0;32m  OK  [0m] Listening on [0;1;39mudev Control Socket[0m.

[    1.041364] systemd[1]: Listening on udev Kernel Socket.

[[0;32m  OK  [0m] Listening on [0;1;39mudev Kernel Socket[0m.

[    1.043249] systemd[1]: Mounting Huge Pages File System...

         Mounting [0;1;39mHuge Pages File System[0m...

[    1.045205] systemd[1]: Mounting POSIX Message Queue File System...

         Mounting [0;1;39mPOSIX Message Queue File System[0m...

[    1.047281] systemd[1]: Mounting Kernel Debug File System...

         Mounting [0;1;39mKernel Debug File System[0m...

[    1.049191] systemd[1]: Mounting Kernel Trace File System...

         Mounting [0;1;39mKernel Trace File System[0m...

[    1.051817] systemd[1]: Starting Journal Service...

         Starting [0;1;39mJournal Service[0m...

[    1.053649] systemd[1]: Starting Set the console keyboard layout...

         Starting [0;1;39mSet the console keyboard layout[0m...

[    1.055855] systemd[1]: Starting Create List of Static Device Nodes...

         Starting [0;1;39mCreate List of Static Device Nodes[0m...

[    1.058085] systemd[1]: Starting Monitoring of LVM2 mirrors, snapshots etc. using dmeventd or progress polling...

         Starting [0;1;39mMonitoring of LVM…meventd or progress polling[0m...

[    1.060228] systemd[1]: Condition check resulted in LXD - agent being skipped.

[    1.061726] systemd[1]: Starting Load Kernel Module configfs...

         Starting [0;1;39mLoad Kernel Module configfs[0m...

[    1.063831] systemd[1]: Starting Load Kernel Module drm...

         Starting [0;1;39mLoad Kernel Module drm[0m...

[    1.065875] systemd[1]: Starting Load Kernel Module efi_pstore...

         Starting [0;1;39mLoad Kernel Module efi_pstore[0m...

[    1.068073] systemd[1]: Starting Load Kernel Module fuse...

         Starting [0;1;39mLoad Kernel Module fuse[0m...

[    1.069502] systemd[1]: Condition check resulted in OpenVSwitch configuration for cleanup being skipped.

[    1.071683] systemd[1]: Starting File System Check on Root Device...

         Starting [0;1;39mFile System Check on Root Device[0m...

[    1.074135] systemd[1]: Starting Load Kernel Modules...

         Starting [0;1;39mLoad Kernel Modules[0m...

[    1.076088] systemd[1]: Starting Coldplug All udev Devices...

         Starting [0;1;39mColdplug All udev Devices[0m...

[    1.077716] systemd[1]: Started Journal Service.

[[0;32m  OK  [0m] Started [0;1;39mJournal Service[0m.

[[0;32m  OK  [0m] Mounted [0;1;39mHuge Pages File System[0m.

[[0;32m  OK  [0m] Mounted [0;1;39mPOSIX Message Queue File System[0m.

[[0;32m  OK  [0m] Mounted [0;1;39mKernel Debug File System[0m.

[[0;32m  OK  [0m] Mounted [0;1;39mKernel Trace File System[0m.

[[0;32m  OK  [0m] Finished [0;1;39mCreate List of Static Device Nodes[0m.

[[0;32m  OK  [0m] Finished [0;1;39mLoad Kernel Module configfs[0m.

[[0;32m  OK  [0m] Finished [0;1;39mLoad Kernel Module efi_pstore[0m.

[[0;32m  OK  [0m] Finished [0;1;39mLoad Kernel Module fuse[0m.

         Mounting [0;1;39mFUSE Control File System[0m...

         Mounting [0;1;39mKernel Configuration File System[0m...

[[0;32m  OK  [0m] Started [0;1;39mFile System Check Daemon to report status[0m.

[[0;32m  OK  [0m] Mounted [0;1;39mFUSE Control File System[0m.

[[0;32m  OK  [0m] Mounted [0;1;39mKernel Configuration File System[0m.

[[0;32m  OK  [0m] Finished [0;1;39mFile System Check on Root Device[0m.

[    1.098929] ACPI: bus type drm_connector registered

         Starting [0;1;39mRemount Root and Kernel File Systems[0m...

[[0;32m  OK  [0m] Finished [0;1;39mLoad Kernel Module drm[0m.

[[0;32m  OK  [0m] Finished [0;1;39mSet the console keyboard layout[0m.

[[0;32m  OK  [0m] Finished [0;1;39mColdplug All udev Devices[0m.

[    1.169270] NET: Registered PF_VSOCK protocol family

[    1.182206] Guest personality initialized and is inactive

[    1.182768] VMCI host device registered (name=vmci, major=10, minor=121)

[    1.183395] Initialized host personality

[[0;32m  OK  [0m] Finished [0;1;39mLoad Kernel Modules[0m.

         Starting [0;1;39mApply Kernel Variables[0m...

[    1.191578] EXT4-fs (vda1): re-mounted 3fe0b3c6-c5ee-4b61-a8db-fd686714bc06 r/w. Quota mode: none.

[[0;32m  OK  [0m] Finished [0;1;39mRemount Root and Kernel File Systems[0m.

         Starting [0;1;39mDevice-Mapper Multipath Device Controller[0m...

         Starting [0;1;39mFlush Journal to Persistent Storage[0m...

         Starting [0;1;39mLoad/Save Random Seed[0m...

         Starting [0;1;39mCreate System Users[0m...

[[0;32m  OK  [0m] Finished [0;1;39mApply Kernel Variables[0m.

[[0;32m  OK  [0m] Finished [0;1;39mCreate System Users[0m.

         Starting [0;1;39mCreate Static Device Nodes in /dev[0m...

[[0;32m  OK  [0m] Finished [0;1;39mLoad/Save Random Seed[0m.

[[0;32m  OK  [0m] Finished [0;1;39mCreate Static Device Nodes in /dev[0m.

         Starting [0;1;39mRule-based Manage…for Device Events and Files[0m...

[[0;32m  OK  [0m] Started [0;1;39mDevice-Mapper Multipath Device Controller[0m.

[[0;32m  OK  [0m] Finished [0;1;39mFlush Journal to Persistent Storage[0m.

[[0;32m  OK  [0m] Started [0;1;39mRule-based Manager for Device Events and Files[0m.

[[0;32m  OK  [0m] Started [0;1;39mDispatch Password …ts to Console Directory Watch[0m.

[[0;32m  OK  [0m] Reached target [0;1;39mLocal Encrypted Volumes[0m.

[[0;32m  OK  [0m] Found device [0;1;39m/dev/ttyS0[0m.

[[0;32m  OK  [0m] Listening on [0;1;39mLoad/Save RF …itch Status /dev/rfkill Watch[0m.

[[0;32m  OK  [0m] Found device [0;1;39m/dev/disk/by-label/UEFI[0m.

[[0;32m  OK  [0m] Finished [0;1;39mMonitoring of LVM… dmeventd or progress polling[0m.

[[0;32m  OK  [0m] Reached target [0;1;39mPreparation for Local File Systems[0m.

         Mounting [0;1;39mMount unit for core20, revision 2379[0m...

         Mounting [0;1;39mMount unit for core20, revision 2434[0m...

         Mounting [0;1;39mMount unit for lxd, revision 29351[0m...

         Mounting [0;1;39mMount unit for lxd, revision 31333[0m...

         Mounting [0;1;39mMount unit for snapd, revision 23258[0m...

         Mounting [0;1;39mMount unit for snapd, revision 23545[0m...

         Starting [0;1;39mFile System Check on /dev/disk/by-label/UEFI[0m...

[[0;32m  OK  [0m] Mounted [0;1;39mMount unit for core20, revision 2379[0m.

[[0;32m  OK  [0m] Mounted [0;1;39mMount unit for core20, revision 2434[0m.

[[0;32m  OK  [0m] Mounted [0;1;39mMount unit for lxd, revision 29351[0m.

[[0;32m  OK  [0m] Mounted [0;1;39mMount unit for lxd, revision 31333[0m.

[[0;32m  OK  [0m] Mounted [0;1;39mMount unit for snapd, revision 23258[0m.

[[0;32m  OK  [0m] Mounted [0;1;39mMount unit for snapd, revision 23545[0m.

[[0;32m  OK  [0m] Reached target [0;1;39mMounted snaps[0m.

[[0;32m  OK  [0m] Finished [0;1;39mFile System Check on /dev/disk/by-label/UEFI[0m.

         Mounting [0;1;39m/boot/efi[0m...

[[0;32m  OK  [0m] Mounted [0;1;39m/boot/efi[0m.

[[0;32m  OK  [0m] Reached target [0;1;39mLocal File Systems[0m.

         Starting [0;1;39mLoad AppArmor profiles[0m...

         Starting [0;1;39mSet console font and keymap[0m...

         Starting [0;1;39mCreate final runt…dir for shutdown pivot root[0m...

         Starting [0;1;39mTell Plymouth To Write Out Runtime Data[0m...

         Starting [0;1;39mSet Up Additional Binary Formats[0m...

         Starting [0;1;39mCreate Volatile Files and Directories[0m...

         Starting [0;1;39mUncomplicated firewall[0m...

[[0;32m  OK  [0m] Finished [0;1;39mSet console font and keymap[0m.

[[0;32m  OK  [0m] Finished [0;1;39mCreate final runt…e dir for shutdown pivot root[0m.

[[0;32m  OK  [0m] Finished [0;1;39mUncomplicated firewall[0m.

[[0;32m  OK  [0m] Reached target [0;1;39mPreparation for Network[0m.

         Mounting [0;1;39mArbitrary Executable File Formats File System[0m...

         Starting [0;1;39mNetwork Configuration[0m...

[[0;32m  OK  [0m] Finished [0;1;39mTell Plymouth To Write Out Runtime Data[0m.

[[0;32m  OK  [0m] Finished [0;1;39mCreate Volatile Files and Directories[0m.

[[0;32m  OK  [0m] Mounted [0;1;39mArbitrary Executable File Formats File System[0m.

         Starting [0;1;39mNetwork Time Synchronization[0m...

         Starting [0;1;39mRecord System Boot/Shutdown in UTMP[0m...

[[0;32m  OK  [0m] Finished [0;1;39mLoad AppArmor profiles[0m.

[[0;32m  OK  [0m] Finished [0;1;39mSet Up Additional Binary Formats[0m.

         Starting [0;1;39mLoad AppArmor pro…managed internally by snapd[0m...

[[0;32m  OK  [0m] Finished [0;1;39mRecord System Boot/Shutdown in UTMP[0m.

[[0;32m  OK  [0m] Started [0;1;39mNetwork Configuration[0m.

         Starting [0;1;39mWait for Network to be Configured[0m...

         Starting [0;1;39mNetwork Name Resolution[0m...

[[0;32m  OK  [0m] Started [0;1;39mNetwork Time Synchronization[0m.

[[0;32m  OK  [0m] Reached target [0;1;39mSystem Time Set[0m.

[[0;32m  OK  [0m] Started [0;1;39mNetwork Name Resolution[0m.

[[0;32m  OK  [0m] Reached target [0;1;39mNetwork[0m.

[[0;32m  OK  [0m] Reached target [0;1;39mHost and Network Name Lookups[0m.

[[0;32m  OK  [0m] Finished [0;1;39mLoad AppArmor pro…s managed internally by snapd[0m.

[[0;32m  OK  [0m] Reached target [0;1;39mSystem Initialization[0m.

[[0;32m  OK  [0m] Started [0;1;39mDaily apt download activities[0m.

[[0;32m  OK  [0m] Started [0;1;39mDaily apt upgrade and clean activities[0m.

[[0;32m  OK  [0m] Started [0;1;39mDaily dpkg database backup timer[0m.

[[0;32m  OK  [0m] Started [0;1;39mPeriodic ext4 Onli…ata Check for All Filesystems[0m.

[[0;32m  OK  [0m] Started [0;1;39mDiscard unused blocks once a week[0m.

[[0;32m  OK  [0m] Started [0;1;39mDaily rotation of log files[0m.

[[0;32m  OK  [0m] Started [0;1;39mDaily man-db regeneration[0m.

[[0;32m  OK  [0m] Started [0;1;39mMessage of the Day[0m.

[[0;32m  OK  [0m] Started [0;1;39mDaily Cleanup of Temporary Directories[0m.

[[0;32m  OK  [0m] Reached target [0;1;39mPath Units[0m.

[[0;32m  OK  [0m] Listening on [0;1;39mD-Bus System Message Bus Socket[0m.

[[0;32m  OK  [0m] Listening on [0;1;39mOpen-iSCSI iscsid Socket[0m.

[[0;32m  OK  [0m] Listening on [0;1;39mSocket unix for snap application lxd.daemon[0m.

[[0;32m  OK  [0m] Listening on [0;1;39mSocket unix f…p application lxd.user-daemon[0m.

         Starting [0;1;39mSocket activation for snappy daemon[0m...

[[0;32m  OK  [0m] Listening on [0;1;39mUUID daemon activation socket[0m.

[[0;32m  OK  [0m] Listening on [0;1;39mSocket activation for snappy daemon[0m.

[[0;32m  OK  [0m] Reached target [0;1;39mSocket Units[0m.

[[0;32m  OK  [0m] Reached target [0;1;39mBasic System[0m.

         Starting [0;1;39mcontainerd container runtime[0m...

[[0;32m  OK  [0m] Started [0;1;39mD-Bus System Message Bus[0m.

[[0;32m  OK  [0m] Started [0;1;39mSave initial kernel messages after boot[0m.

         Starting [0;1;39mRemove Stale Onli…t4 Metadata Check Snapshots[0m...

         Starting [0;1;39mRecord successful boot for GRUB[0m...

[[0;32m  OK  [0m] Started [0;1;39mirqbalance daemon[0m.

         Starting [0;1;39mDispatcher daemon for systemd-networkd[0m...

         Starting [0;1;39mSystem Logging Service[0m...

         Starting [0;1;39mService for snap application lxd.activate[0m...

[[0;32m  OK  [0m] Reached target [0;1;39mPreparation for Logins[0m.

         Starting [0;1;39mWait until snapd is fully seeded[0m...

         Starting [0;1;39mSnap Daemon[0m...

         Starting [0;1;39mUser Login Management[0m...

[[0;32m  OK  [0m] Finished [0;1;39mRemove Stale Onli…ext4 Metadata Check Snapshots[0m.

[[0;32m  OK  [0m] Started [0;1;39mSystem Logging Service[0m.

[[0;32m  OK  [0m] Finished [0;1;39mRecord successful boot for GRUB[0m.

         Starting [0;1;39mGRUB failed boot detection[0m...

[[0;32m  OK  [0m] Finished [0;1;39mGRUB failed boot detection[0m.

[[0;32m  OK  [0m] Started [0;1;39mUser Login Management[0m.

[[0;32m  OK  [0m] Started [0;1;39mUnattended Upgrades Shutdown[0m.

[[0;32m  OK  [0m] Started [0;1;39mDispatcher daemon for systemd-networkd[0m.

[[0;32m  OK  [0m] Started [0;1;39mcontainerd container runtime[0m.

[[0;32m  OK  [0m] Finished [0;1;39mWait for Network to be Configured[0m.

[[0;32m  OK  [0m] Reached target [0;1;39mNetwork is Online[0m.

[[0;32m  OK  [0m] Started [0;1;39mDownload data for …ailed at package install time[0m.

[[0;32m  OK  [0m] Started [0;1;39mCheck to see wheth…w version of Ubuntu available[0m.

[[0;32m  OK  [0m] Reached target [0;1;39mTimer Units[0m.

[[0;32m  OK  [0m] Reached target [0;1;39mPreparation for Remote File Systems[0m.

[[0;32m  OK  [0m] Reached target [0;1;39mRemote File Systems[0m.

         Starting [0;1;39mLSB: automatic crash report generation[0m...

[[0;32m  OK  [0m] Finished [0;1;39mAvailability of block devices[0m.

[[0;32m  OK  [0m] Started [0;1;39mRegular background program processing daemon[0m.

         Starting [0;1;39mOpenBSD Secure Shell server[0m...

         Starting [0;1;39mPermit User Sessions[0m...

[[0;32m  OK  [0m] Finished [0;1;39mPermit User Sessions[0m.

         Starting [0;1;39mHold until boot process finishes up[0m...

         Starting [0;1;39mTerminate Plymouth Boot Screen[0m...

[[0;32m  OK  [0m] Finished [0;1;39mHold until boot process finishes up[0m.

[[0;32m  OK  [0m] Started [0;1;39mSerial Getty on ttyS0[0m.

         Starting [0;1;39mSet console scheme[0m...

[[0;32m  OK  [0m] Started [0;1;39mLSB: automatic crash report generation[0m.

[[0;32m  OK  [0m] Finished [0;1;39mSet console scheme[0m.

[[0;32m  OK  [0m] Created slice [0;1;39mSlice /system/getty[0m.

[[0;32m  OK  [0m] Started [0;1;39mGetty on tty1[0m.

[[0;32m  OK  [0m] Reached target [0;1;39mLogin Prompts[0m.

[[0;32m  OK  [0m] Finished [0;1;39mTerminate Plymouth Boot Screen[0m.

[[0;32m  OK  [0m] Started [0;1;39mOpenBSD Secure Shell server[0m.

[[0;32m  OK  [0m] Started [0;1;39mSnap Daemon[0m.

         Starting [0;1;39mTime & Date Service[0m...

[[0;32m  OK  [0m] Started [0;1;39mTime & Date Service[0m.

[[0;32m  OK  [0m] Finished [0;1;39mWait until snapd is fully seeded[0m.

[[0;32m  OK  [0m] Finished [0;1;39mService for snap application lxd.activate[0m.

[[0;32m  OK  [0m] Reached target [0;1;39mMulti-User System[0m.

[[0;32m  OK  [0m] Reached target [0;1;39mGraphical Interface[0m.

         Starting [0;1;39mRecord Runlevel Change in UTMP[0m...

[[0;32m  OK  [0m] Finished [0;1;39mRecord Runlevel Change in UTMP[0m.




Ubuntu 22.04.4 LTS ubuntu ttyS0



ubuntu login: root


Password: 

Welcome to Ubuntu 22.04.4 LTS (GNU/Linux 6.7.0-rc6-pvm+ x86_64)



 * Documentation:  https://help.ubuntu.com

 * Management:     https://landscape.canonical.com

 * Support:        https://ubuntu.com/pro



  System information as of Fri Jan 31 04:07:09 UTC 2025



  System load:             0.0

  Usage of /:              58.8% of 19.20GB

  Memory usage:            13%

  Swap usage:              0%

  Processes:               282

  Users logged in:         0

  IPv4 address for enp0s3: 10.0.2.15

  IPv6 address for enp0s3: fec0::5054:ff:fe12:3499





Expanded Security Maintenance for Applications is not enabled.



42 updates can be applied immediately.

To see these additional updates run: apt list --upgradable



Enable ESM Apps to receive additional future security updates.

See https://ubuntu.com/esm or run: sudo pro status





The list of available updates is more than a week old.

To check for new updates run: sudo apt update

Failed to connect to https://changelogs.ubuntu.com/meta-release-lts. Check your Internet connection or proxy settings





Last login: Fri Jan 31 03:55:50 UTC 2025 on ttyS0

[?2004hroot@ubuntu:~# cd split-kernel/tender

[?2004l
[?2004hroot@ubuntu:~/split-kernel/tender# ./pvm_test.sh dmt btree 1

[?2004l
[33mWARN[0m[0000] cannot set cgroup manager to "systemd" for runtime "io.containerd.kata.v2" 

[    7.636636] kvm: kvm [972]: vcpu0, guest rIP: 0xffffd97f8193c499 Unhandled WRMSR(0xc0010007) = 0xffff

[31mFATA[0m[0002] failed to create shim task: "update interface: Link not found (Address: be:30:fa:a3:8e:de)": unknown 

[?2004hroot@ubuntu:~/split-kernel/tender# ./pvm_test.sh dmt btree 1

[?2004l
[33mWARN[0m[0000] cannot set cgroup manager to "systemd" for runtime "io.containerd.kata.v2" 

[    9.860621] kvm: kvm [1268]: vcpu0, guest rIP: 0xffffd97f8193c499 Unhandled WRMSR(0xc0010007) = 0xffff

/bin/command-btree: line 3: can't create /sys/kernel/mm/transparent_hugepage/enabled: Read-only file system


/bin/bench_btree_st -- 1 


prog_argv[0]=/bin/bench_btree_st


prog_argv[1]=1


NO signalling readyness to /tmp/alloctest-bench.ready


<benchmark exec="/bin/bench_btree_st">


<config>


  <openmp>off</openmp>  <memsize>1G <memsize>  <hugetlb>0</hugetlb>


  <data>0</data>  <pte>0</pte>  <run>0</run>


  <interference>0</interference>


</config>


<run>


BTree Elements: 10M


BTree #Lookups: 1M


Allocator: 152 MB


signalling readyness to /tmp/alloctest-bench.ready


got 0 matches in 1 seconds


signalling done to /tmp/alloctest-bench.done


</run>


Took: 8.699630


</benchmark>


[?2004hroot@ubuntu:~/split-kernel/tender# ./pvm_test.sh dmt btree 1

[?2004l
[33mWARN[0m[0000] cannot set cgroup manager to "systemd" for runtime "io.containerd.kata.v2" 

[   21.062668] kvm: kvm [1585]: vcpu0, guest rIP: 0xffffd97f8193c499 Unhandled WRMSR(0xc0010007) = 0xffff

/bin/command-btree: line 3: can't create /sys/kernel/mm/transparent_hugepage/enabled: Read-only file system


/bin/bench_btree_st -- 1 


prog_argv[0]=/bin/bench_btree_st


prog_argv[1]=1


NO signalling readyness to /tmp/alloctest-bench.ready


<benchmark exec="/bin/bench_btree_st">


<config>


  <openmp>off</openmp>  <memsize>1G <memsize>  <hugetlb>0</hugetlb>


  <data>0</data>  <pte>0</pte>  <run>0</run>


  <interference>0</interference>


</config>


<run>


BTree Elements: 10M


BTree #Lookups: 1M


Allocator: 152 MB


signalling readyness to /tmp/alloctest-bench.ready


got 0 matches in 2 seconds


signalling done to /tmp/alloctest-bench.done


</run>


Took: 8.651720


</benchmark>


[?2004hroot@ubuntu:~/split-kernel/tender# ./pvm_test.sh dmt btree 1

[?2004l
[33mWARN[0m[0000] cannot set cgroup manager to "systemd" for runtime "io.containerd.kata.v2" 

[   32.216320] kvm: kvm [1936]: vcpu0, guest rIP: 0xffffd97f8193c499 Unhandled WRMSR(0xc0010007) = 0xffff

/bin/command-btree: line 3: can't create /sys/kernel/mm/transparent_hugepage/enabled: Read-only file system


/bin/bench_btree_st -- 1 


prog_argv[0]=/bin/bench_btree_st


prog_argv[1]=1


NO signalling readyness to /tmp/alloctest-bench.ready


<benchmark exec="/bin/bench_btree_st">


<config>


  <openmp>off</openmp>  <memsize>1G <memsize>  <hugetlb>0</hugetlb>


  <data>0</data>  <pte>0</pte>  <run>0</run>


  <interference>0</interference>


</config>


<run>


BTree Elements: 10M


BTree #Lookups: 1M


Allocator: 152 MB


signalling readyness to /tmp/alloctest-bench.ready


got 0 matches in 1 seconds


signalling done to /tmp/alloctest-bench.done


</run>


Took: 8.692717


</benchmark>


[?2004hroot@ubuntu:~/split-kernel/tender# ./pvm_test.sh dmt btree 1

[?2004l
[33mWARN[0m[0000] cannot set cgroup manager to "systemd" for runtime "io.containerd.kata.v2" 

[   43.340982] kvm: kvm [2288]: vcpu0, guest rIP: 0xffffd97f8193c499 Unhandled WRMSR(0xc0010007) = 0xffff

/bin/command-btree: line 3: can't create /sys/kernel/mm/transparent_hugepage/enabled: Read-only file system


/bin/bench_btree_st -- 1 


prog_argv[0]=/bin/bench_btree_st


prog_argv[1]=1


NO signalling readyness to /tmp/alloctest-bench.ready


<benchmark exec="/bin/bench_btree_st">


<config>


  <openmp>off</openmp>  <memsize>1G <memsize>  <hugetlb>0</hugetlb>


  <data>0</data>  <pte>0</pte>  <run>0</run>


  <interference>0</interference>


</config>


<run>


BTree Elements: 10M


BTree #Lookups: 1M


Allocator: 152 MB


signalling readyness to /tmp/alloctest-bench.ready


got 0 matches in 1 seconds


signalling done to /tmp/alloctest-bench.done


</run>


Took: 8.674304


</benchmark>


[?2004hroot@ubuntu:~/split-kernel/tender# ./pvm_test.sh dmt btree 1

[?2004l
[33mWARN[0m[0000] cannot set cgroup manager to "systemd" for runtime "io.containerd.kata.v2" 

[   54.613949] kvm: kvm [2632]: vcpu0, guest rIP: 0xffffd97f8193c499 Unhandled WRMSR(0xc0010007) = 0xffff

/bin/command-btree: line 3: can't create /sys/kernel/mm/transparent_hugepage/enabled: Read-only file system


/bin/bench_btree_st -- 1 


prog_argv[0]=/bin/bench_btree_st


prog_argv[1]=1


NO signalling readyness to /tmp/alloctest-bench.ready


<benchmark exec="/bin/bench_btree_st">


<config>


  <openmp>off</openmp>  <memsize>1G <memsize>  <hugetlb>0</hugetlb>


  <data>0</data>  <pte>0</pte>  <run>0</run>


  <interference>0</interference>


</config>


<run>


BTree Elements: 10M


BTree #Lookups: 1M


Allocator: 152 MB


signalling readyness to /tmp/alloctest-bench.ready


got 0 matches in 2 seconds


signalling done to /tmp/alloctest-bench.done


</run>


Took: 8.712023


</benchmark>


[?2004hroot@ubuntu:~/split-kernel/tender# ./pvm_test.sh dmt xsbench 50000

[?2004l
[33mWARN[0m[0000] cannot set cgroup manager to "systemd" for runtime "io.containerd.kata.v2" 

[   65.806371] kvm: kvm [2978]: vcpu0, guest rIP: 0xffffd97f8193c499 Unhandled WRMSR(0xc0010007) = 0xffff

/bin/bench_xsbench_mt -- -s small -p 50000 


<benchmark exec="/bin/bench_xsbench_mt">


<config>


  <openmp>on</openmp>  <memsize>1G <memsize>  <hugetlb>0</hugetlb>


  <data>-1</data>  <interference>0</interference>


</config>


<run>


================================================================================


                   __   __ ___________                 _                        


                   \ \ / //  ___| ___ \               | |                       


                    \ V / \ `--.| |_/ / ___ _ __   ___| |__                     


                    /   \  `--. \ ___ \/ _ \ '_ \ / __| '_ \                    


                   / /^\ \/\__/ / |_/ /  __/ | | | (__| | | |                   


                   \/   \/\____/\____/ \___|_| |_|\___|_| |_|                   





================================================================================


                    Developed at Argonne National Laboratory


                                   Version: 18


================================================================================


                                  INPUT SUMMARY


================================================================================


Simulation Method:            History Based


Grid Type:                    Unionized Grid


Materials:                    12


H-M Benchmark Size:           small


Total Nuclides:               68


Gridpoints (per Nuclide):     11,303


Unionized Energy Gridpoints:  768,604


Particle Histories:           50,000


XS Lookups per Particle:      34


Total XS Lookups:             34


Threads:                      1


Est. Memory Usage (MB):       246


================================================================================


                         INITIALIZATION - DO NOT PROFILE


================================================================================


Generating Nuclide Energy Grids...


Sorting Nuclide Energy Grids...


Generating Unionized Energy Grid...


Copying and Sorting all nuclide grids...


Assigning energies to unionized grid...


Assigning pointers to Unionized Energy Grid...


Loading Mats...





================================================================================


                                   SIMULATION


================================================================================


Initialization complete


Running simulation....


Beginning history based simulation...





Simulation complete.


================================================================================


                                     RESULTS


================================================================================


Threads:     1


Runtime:     1.777 seconds


Lookups:     1,700,000


Lookups/s:   956,457


================================================================================


</run>


Took: 2.724101


</benchmark>


[?2004hroot@ubuntu:~/split-kernel/tender# ./pvm_test.sh dmt xsbench 50000

[?2004l
[33mWARN[0m[0000] cannot set cgroup manager to "systemd" for runtime "io.containerd.kata.v2" 

[   71.017897] kvm: kvm [3326]: vcpu0, guest rIP: 0xffffd97f8193c499 Unhandled WRMSR(0xc0010007) = 0xffff

/bin/bench_xsbench_mt -- -s small -p 50000 


<benchmark exec="/bin/bench_xsbench_mt">


<config>


  <openmp>on</openmp>  <memsize>1G <memsize>  <hugetlb>0</hugetlb>


  <data>-1</data>  <interference>0</interference>


</config>


<run>


================================================================================


                   __   __ ___________                 _                        


                   \ \ / //  ___| ___ \               | |                       


                    \ V / \ `--.| |_/ / ___ _ __   ___| |__                     


                    /   \  `--. \ ___ \/ _ \ '_ \ / __| '_ \                    


                   / /^\ \/\__/ / |_/ /  __/ | | | (__| | | |                   


                   \/   \/\____/\____/ \___|_| |_|\___|_| |_|                   





================================================================================


                    Developed at Argonne National Laboratory


                                   Version: 18


================================================================================


                                  INPUT SUMMARY


================================================================================


Simulation Method:            History Based


Grid Type:                    Unionized Grid


Materials:                    12


H-M Benchmark Size:           small


Total Nuclides:               68


Gridpoints (per Nuclide):     11,303


Unionized Energy Gridpoints:  768,604


Particle Histories:           50,000


XS Lookups per Particle:      34


Total XS Lookups:             34


Threads:                      1


Est. Memory Usage (MB):       246


================================================================================


                         INITIALIZATION - DO NOT PROFILE


================================================================================


Generating Nuclide Energy Grids...


Sorting Nuclide Energy Grids...


Generating Unionized Energy Grid...


Copying and Sorting all nuclide grids...


Assigning energies to unionized grid...


Assigning pointers to Unionized Energy Grid...


Loading Mats...





================================================================================


                                   SIMULATION


================================================================================


Initialization complete


Running simulation....


Beginning history based simulation...





Simulation complete.


================================================================================


                                     RESULTS


================================================================================


Threads:     1


Runtime:     1.785 seconds


Lookups:     1,700,000


Lookups/s:   952,637


================================================================================


</run>


Took: 2.724457


</benchmark>


[?2004hroot@ubuntu:~/split-kernel/tender# ./pvm_test.sh dmt xsbench 50000

[?2004l
[33mWARN[0m[0000] cannot set cgroup manager to "systemd" for runtime "io.containerd.kata.v2" 

[   76.214578] kvm: kvm [3686]: vcpu0, guest rIP: 0xffffd97f8193c499 Unhandled WRMSR(0xc0010007) = 0xffff

[31mFATA[0m[0046] failed to create shim task: Failed to Check if grpc server is working: rpc error: code = DeadlineExceeded desc = timed out connecting to vsock 2822610037:1024: unknown 

[?2004hroot@ubuntu:~/split-kernel/tender# ./pvm_test.sh dmt xsbench 50000

[?2004l
[33mWARN[0m[0000] cannot set cgroup manager to "systemd" for runtime "io.containerd.kata.v2" 

[  122.814613] kvm: kvm [3969]: vcpu0, guest rIP: 0xffffd97f8193c499 Unhandled WRMSR(0xc0010007) = 0xffff

/bin/bench_xsbench_mt -- -s small -p 50000 


<benchmark exec="/bin/bench_xsbench_mt">


<config>


  <openmp>on</openmp>  <memsize>1G <memsize>  <hugetlb>0</hugetlb>


  <data>-1</data>  <interference>0</interference>


</config>


<run>


================================================================================


                   __   __ ___________                 _                        


                   \ \ / //  ___| ___ \               | |                       


                    \ V / \ `--.| |_/ / ___ _ __   ___| |__                     


                    /   \  `--. \ ___ \/ _ \ '_ \ / __| '_ \                    


                   / /^\ \/\__/ / |_/ /  __/ | | | (__| | | |                   


                   \/   \/\____/\____/ \___|_| |_|\___|_| |_|                   





================================================================================


                    Developed at Argonne National Laboratory


                                   Version: 18


================================================================================


                                  INPUT SUMMARY


================================================================================


Simulation Method:            History Based


Grid Type:                    Unionized Grid


Materials:                    12


H-M Benchmark Size:           small


Total Nuclides:               68


Gridpoints (per Nuclide):     11,303


Unionized Energy Gridpoints:  768,604


Particle Histories:           50,000


XS Lookups per Particle:      34


Total XS Lookups:             34


Threads:                      1


Est. Memory Usage (MB):       246


================================================================================


                         INITIALIZATION - DO NOT PROFILE


================================================================================


Generating Nuclide Energy Grids...


Sorting Nuclide Energy Grids...


Generating Unionized Energy Grid...


Copying and Sorting all nuclide grids...


Assigning energies to unionized grid...


Assigning pointers to Unionized Energy Grid...


Loading Mats...





================================================================================


                                   SIMULATION


================================================================================


Initialization complete


Running simulation....


Beginning history based simulation...





Simulation complete.


================================================================================


                                     RESULTS


================================================================================


Threads:     1


Runtime:     1.778 seconds


Lookups:     1,700,000


Lookups/s:   955,906


================================================================================


</run>


Took: 2.719474


</benchmark>


[?2004hroot@ubuntu:~/split-kernel/tender# ./pvm_test.sh dmt xsbench 50000

[?2004l
[33mWARN[0m[0000] cannot set cgroup manager to "systemd" for runtime "io.containerd.kata.v2" 

[  128.041199] kvm: kvm [4318]: vcpu0, guest rIP: 0xffffd97f8193c499 Unhandled WRMSR(0xc0010007) = 0xffff

/bin/bench_xsbench_mt -- -s small -p 50000 


<benchmark exec="/bin/bench_xsbench_mt">


<config>


  <openmp>on</openmp>  <memsize>1G <memsize>  <hugetlb>0</hugetlb>


  <data>-1</data>  <interference>0</interference>


</config>


<run>


================================================================================


                   __   __ ___________                 _                        


                   \ \ / //  ___| ___ \               | |                       


                    \ V / \ `--.| |_/ / ___ _ __   ___| |__                     


                    /   \  `--. \ ___ \/ _ \ '_ \ / __| '_ \                    


                   / /^\ \/\__/ / |_/ /  __/ | | | (__| | | |                   


                   \/   \/\____/\____/ \___|_| |_|\___|_| |_|                   





================================================================================


                    Developed at Argonne National Laboratory


                                   Version: 18


================================================================================


                                  INPUT SUMMARY


================================================================================


Simulation Method:            History Based


Grid Type:                    Unionized Grid


Materials:                    12


H-M Benchmark Size:           small


Total Nuclides:               68


Gridpoints (per Nuclide):     11,303


Unionized Energy Gridpoints:  768,604


Particle Histories:           50,000


XS Lookups per Particle:      34


Total XS Lookups:             34


Threads:                      1


Est. Memory Usage (MB):       246


================================================================================


                         INITIALIZATION - DO NOT PROFILE


================================================================================


Generating Nuclide Energy Grids...


Sorting Nuclide Energy Grids...


Generating Unionized Energy Grid...


Copying and Sorting all nuclide grids...


Assigning energies to unionized grid...


Assigning pointers to Unionized Energy Grid...


Loading Mats...





================================================================================


                                   SIMULATION


================================================================================


Initialization complete


Running simulation....


Beginning history based simulation...





Simulation complete.


================================================================================


                                     RESULTS


================================================================================


Threads:     1


Runtime:     1.768 seconds


Lookups:     1,700,000


Lookups/s:   961,679


================================================================================


</run>


Took: 2.729649


</benchmark>


[?2004hroot@ubuntu:~/split-kernel/tender# ./pvm_test.sh dmt xsbench 50000

[?2004l
[33mWARN[0m[0000] cannot set cgroup manager to "systemd" for runtime "io.containerd.kata.v2" 

[  133.255611] kvm: kvm [4669]: vcpu0, guest rIP: 0xffffd97f8193c499 Unhandled WRMSR(0xc0010007) = 0xffff

/bin/bench_xsbench_mt -- -s small -p 50000 


<benchmark exec="/bin/bench_xsbench_mt">


<config>


  <openmp>on</openmp>  <memsize>1G <memsize>  <hugetlb>0</hugetlb>


  <data>-1</data>  <interference>0</interference>


</config>


<run>


================================================================================


                   __   __ ___________                 _                        


                   \ \ / //  ___| ___ \               | |                       


                    \ V / \ `--.| |_/ / ___ _ __   ___| |__                     


                    /   \  `--. \ ___ \/ _ \ '_ \ / __| '_ \                    


                   / /^\ \/\__/ / |_/ /  __/ | | | (__| | | |                   


                   \/   \/\____/\____/ \___|_| |_|\___|_| |_|                   





================================================================================


                    Developed at Argonne National Laboratory


                                   Version: 18


================================================================================


                                  INPUT SUMMARY


================================================================================


Simulation Method:            History Based


Grid Type:                    Unionized Grid


Materials:                    12


H-M Benchmark Size:           small


Total Nuclides:               68


Gridpoints (per Nuclide):     11,303


Unionized Energy Gridpoints:  768,604


Particle Histories:           50,000


XS Lookups per Particle:      34


Total XS Lookups:             34


Threads:                      1


Est. Memory Usage (MB):       246


================================================================================


                         INITIALIZATION - DO NOT PROFILE


================================================================================


Generating Nuclide Energy Grids...


Sorting Nuclide Energy Grids...


Generating Unionized Energy Grid...


Copying and Sorting all nuclide grids...


Assigning energies to unionized grid...


Assigning pointers to Unionized Energy Grid...


Loading Mats...





================================================================================


                                   SIMULATION


================================================================================


Initialization complete


Running simulation....


Beginning history based simulation...





Simulation complete.


================================================================================


                                     RESULTS


================================================================================


Threads:     1


Runtime:     1.776 seconds


Lookups:     1,700,000


Lookups/s:   957,185


================================================================================


</run>


Took: 2.716063


</benchmark>


[?2004hroot@ubuntu:~/split-kernel/tender# ./pvm_test.sh parsec/canneal

[?2004l
[33mWARN[0m[0000] cannot set cgroup manager to "systemd" for runtime "io.containerd.kata.v2" 

[  138.444757] kvm: kvm [5018]: vcpu0, guest rIP: 0xffffd97f8193c499 Unhandled WRMSR(0xc0010007) = 0xffff

PARSEC Benchmark Suite Version 3.0-beta-20150206


Threadcount: 1


15000 swaps per temperature step


start temperature: 2000


netlist filename: /var/parsec/canneal/400000.nets


number of temperature steps: 128


locs created


locs assigned


Just saw element: 100000


Just saw element: 200000


Just saw element: 300000


Just saw element: 400000


netlist created. 400000 elements.


Final routing is: 6.90232e+08


real	0m 4.32s


user	0m 4.17s


sys	0m 0.13s


[?2004hroot@ubuntu:~/split-kernel/tender# ./pvm_test.sh parsec/canneal

[?2004l
[33mWARN[0m[0000] cannot set cgroup manager to "systemd" for runtime "io.containerd.kata.v2" 

[  145.267727] kvm: kvm [5336]: vcpu0, guest rIP: 0xffffd97f8193c499 Unhandled WRMSR(0xc0010007) = 0xffff

PARSEC Benchmark Suite Version 3.0-beta-20150206


Threadcount: 1


15000 swaps per temperature step


start temperature: 2000


netlist filename: /var/parsec/canneal/400000.nets


number of temperature steps: 128


locs created


locs assigned


Just saw element: 100000


Just saw element: 200000


Just saw element: 300000


Just saw element: 400000


netlist created. 400000 elements.


Final routing is: 6.90232e+08


real	0m 4.29s


user	0m 4.15s


sys	0m 0.12s


[?2004hroot@ubuntu:~/split-kernel/tender# ./pvm_test.sh parsec/canneal

[?2004l
[33mWARN[0m[0000] cannot set cgroup manager to "systemd" for runtime "io.containerd.kata.v2" 

[  152.109823] kvm: kvm [5677]: vcpu0, guest rIP: 0xffffd97f8193c499 Unhandled WRMSR(0xc0010007) = 0xffff

PARSEC Benchmark Suite Version 3.0-beta-20150206


Threadcount: 1


15000 swaps per temperature step


start temperature: 2000


netlist filename: /var/parsec/canneal/400000.nets


number of temperature steps: 128


locs created


locs assigned


Just saw element: 100000


Just saw element: 200000


Just saw element: 300000


Just saw element: 400000


netlist created. 400000 elements.


Final routing is: 6.90232e+08


real	0m 4.27s


user	0m 4.14s


sys	0m 0.11s


[?2004hroot@ubuntu:~/split-kernel/tender# ./pvm_test.sh parsec/canneal

[?2004l
[33mWARN[0m[0000] cannot set cgroup manager to "systemd" for runtime "io.containerd.kata.v2" 

[  158.740103] kvm: kvm [6021]: vcpu0, guest rIP: 0xffffd97f8193c499 Unhandled WRMSR(0xc0010007) = 0xffff

PARSEC Benchmark Suite Version 3.0-beta-20150206


Threadcount: 1


15000 swaps per temperature step


start temperature: 2000


netlist filename: /var/parsec/canneal/400000.nets


number of temperature steps: 128


locs created


locs assigned


Just saw element: 100000


Just saw element: 200000


Just saw element: 300000


Just saw element: 400000


netlist created. 400000 elements.


Final routing is: 6.90232e+08


real	0m 4.27s


user	0m 4.17s


sys	0m 0.09s


[?2004hroot@ubuntu:~/split-kernel/tender# ./pvm_test.sh parsec/canneal

[?2004l
[33mWARN[0m[0000] cannot set cgroup manager to "systemd" for runtime "io.containerd.kata.v2" 

[  165.447957] kvm: kvm [6360]: vcpu0, guest rIP: 0xffffd97f8193c499 Unhandled WRMSR(0xc0010007) = 0xffff

PARSEC Benchmark Suite Version 3.0-beta-20150206


Threadcount: 1


15000 swaps per temperature step


start temperature: 2000


netlist filename: /var/parsec/canneal/400000.nets


number of temperature steps: 128


locs created


locs assigned


Just saw element: 100000


Just saw element: 200000


Just saw element: 300000


Just saw element: 400000


netlist created. 400000 elements.


Final routing is: 6.90232e+08


real	0m 4.32s


user	0m 4.19s


sys	0m 0.12s


[?2004hroot@ubuntu:~/split-kernel/tender# ./pvm_test.sh parsec/dedup

[?2004l
[33mWARN[0m[0000] cannot set cgroup manager to "systemd" for runtime "io.containerd.kata.v2" 

[  172.215204] kvm: kvm [6703]: vcpu0, guest rIP: 0xffffd97f8193c499 Unhandled WRMSR(0xc0010007) = 0xffff

PARSEC Benchmark Suite Version 3.0-beta-20150206


Total input size:                       30.70 MB


Total output size:                      29.05 MB


Effective compression factor:            1.06x





Mean data chunk size:                    3.88 KB (stddev: 367.52 KB)


Amount of duplicate chunks:              3.84%


Data size after deduplication:          30.69 MB (compression factor: 1.00x)


Data size after compression:            28.98 MB (compression factor: 1.06x)


Output overhead:                         0.26%


real	0m 2.21s


user	0m 1.43s


sys	0m 0.76s


[?2004hroot@ubuntu:~/split-kernel/tender# ./pvm_test.sh parsec/dedup

[?2004l
[33mWARN[0m[0000] cannot set cgroup manager to "systemd" for runtime "io.containerd.kata.v2" 

[  176.965851] kvm: kvm [7046]: vcpu0, guest rIP: 0xffffd97f8193c499 Unhandled WRMSR(0xc0010007) = 0xffff

PARSEC Benchmark Suite Version 3.0-beta-20150206


Total input size:                       30.70 MB


Total output size:                      29.05 MB


Effective compression factor:            1.06x





Mean data chunk size:                    3.88 KB (stddev: 367.52 KB)


Amount of duplicate chunks:              3.84%


Data size after deduplication:          30.69 MB (compression factor: 1.00x)


Data size after compression:            28.98 MB (compression factor: 1.06x)


Output overhead:                         0.26%


real	0m 2.30s


user	0m 1.45s


sys	0m 0.83s


[?2004hroot@ubuntu:~/split-kernel/tender# ./pvm_test.sh parsec/dedup

[?2004l
[33mWARN[0m[0000] cannot set cgroup manager to "systemd" for runtime "io.containerd.kata.v2" 

[  181.781106] kvm: kvm [7360]: vcpu0, guest rIP: 0xffffd97f8193c499 Unhandled WRMSR(0xc0010007) = 0xffff

PARSEC Benchmark Suite Version 3.0-beta-20150206


Total input size:                       30.70 MB


Total output size:                      29.05 MB


Effective compression factor:            1.06x





Mean data chunk size:                    3.88 KB (stddev: 367.52 KB)


Amount of duplicate chunks:              3.84%


Data size after deduplication:          30.69 MB (compression factor: 1.00x)


Data size after compression:            28.98 MB (compression factor: 1.06x)


Output overhead:                         0.26%


real	0m 2.23s


user	0m 1.42s


sys	0m 0.80s


[?2004hroot@ubuntu:~/split-kernel/tender# ./pvm_test.sh parsec/dedup

[?2004l
[33mWARN[0m[0000] cannot set cgroup manager to "systemd" for runtime "io.containerd.kata.v2" 

[  186.466313] kvm: kvm [7675]: vcpu0, guest rIP: 0xffffd97f8193c499 Unhandled WRMSR(0xc0010007) = 0xffff

PARSEC Benchmark Suite Version 3.0-beta-20150206


Total input size:                       30.70 MB


Total output size:                      29.05 MB


Effective compression factor:            1.06x





Mean data chunk size:                    3.88 KB (stddev: 367.52 KB)


Amount of duplicate chunks:              3.84%


Data size after deduplication:          30.69 MB (compression factor: 1.00x)


Data size after compression:            28.98 MB (compression factor: 1.06x)


Output overhead:                         0.26%


real	0m 2.25s


user	0m 1.43s


sys	0m 0.80s


[?2004hroot@ubuntu:~/split-kernel/tender# ./pvm_test.sh parsec/dedup

[?2004l
[33mWARN[0m[0000] cannot set cgroup manager to "systemd" for runtime "io.containerd.kata.v2" 

[  191.160789] kvm: kvm [7992]: vcpu0, guest rIP: 0xffffd97f8193c499 Unhandled WRMSR(0xc0010007) = 0xffff

PARSEC Benchmark Suite Version 3.0-beta-20150206


Total input size:                       30.70 MB


Total output size:                      29.05 MB


Effective compression factor:            1.06x





Mean data chunk size:                    3.88 KB (stddev: 367.52 KB)


Amount of duplicate chunks:              3.84%


Data size after deduplication:          30.69 MB (compression factor: 1.00x)


Data size after compression:            28.98 MB (compression factor: 1.06x)


Output overhead:                         0.26%


real	0m 2.21s


user	0m 1.44s


sys	0m 0.76s


[?2004hroot@ubuntu:~/split-kernel/tender# ./pvm_test.sh parsec/fluidanimate

[?2004l
[33mWARN[0m[0000] cannot set cgroup manager to "systemd" for runtime "io.containerd.kata.v2" 

[  195.850580] kvm: kvm [8309]: vcpu0, guest rIP: 0xffffd97f8193c499 Unhandled WRMSR(0xc0010007) = 0xffff

PARSEC Benchmark Suite Version 3.0-beta-20150206


Loading file "/var/parsec/fluidanimate/in_300K.fluid"...


Number of cells: 135424


Grids steps over x, y, z: 0.00282609 0.0028125 0.00282609


Number of particles: 305809


Saving file "/tmp/out.fluid"...


real	0m 1.19s


user	0m 1.09s


sys	0m 0.09s


[?2004hroot@ubuntu:~/split-kernel/tender# ./pvm_test.sh parsec/fluidanimate

[?2004l
[33mWARN[0m[0000] cannot set cgroup manager to "systemd" for runtime "io.containerd.kata.v2" 

[  199.546106] kvm: kvm [8628]: vcpu0, guest rIP: 0xffffd97f8193c499 Unhandled WRMSR(0xc0010007) = 0xffff

PARSEC Benchmark Suite Version 3.0-beta-20150206


Loading file "/var/parsec/fluidanimate/in_300K.fluid"...


Number of cells: 135424


Grids steps over x, y, z: 0.00282609 0.0028125 0.00282609


Number of particles: 305809


Saving file "/tmp/out.fluid"...


real	0m 1.19s


user	0m 1.07s


sys	0m 0.11s


[?2004hroot@ubuntu:~/split-kernel/tender# ./pvm_test.sh parsec/fluidanimate

[?2004l
[33mWARN[0m[0000] cannot set cgroup manager to "systemd" for runtime "io.containerd.kata.v2" 

[  203.144650] kvm: kvm [8944]: vcpu0, guest rIP: 0xffffd97f8193c499 Unhandled WRMSR(0xc0010007) = 0xffff

PARSEC Benchmark Suite Version 3.0-beta-20150206


Loading file "/var/parsec/fluidanimate/in_300K.fluid"...


Number of cells: 135424


Grids steps over x, y, z: 0.00282609 0.0028125 0.00282609


Number of particles: 305809


Saving file "/tmp/out.fluid"...


real	0m 1.19s


user	0m 1.09s


sys	0m 0.10s


[?2004hroot@ubuntu:~/split-kernel/tender# ./pvm_test.sh parsec/fluidanimate

[?2004l
[33mWARN[0m[0000] cannot set cgroup manager to "systemd" for runtime "io.containerd.kata.v2" 

[  206.832513] kvm: kvm [9260]: vcpu0, guest rIP: 0xffffd97f8193c499 Unhandled WRMSR(0xc0010007) = 0xffff

PARSEC Benchmark Suite Version 3.0-beta-20150206


Loading file "/var/parsec/fluidanimate/in_300K.fluid"...


Number of cells: 135424


Grids steps over x, y, z: 0.00282609 0.0028125 0.00282609


Number of particles: 305809


Saving file "/tmp/out.fluid"...


real	0m 1.19s


user	0m 1.09s


sys	0m 0.09s


[?2004hroot@ubuntu:~/split-kernel/tender# ./pvm_test.sh parsec/fluidanimate

[?2004l
[33mWARN[0m[0000] cannot set cgroup manager to "systemd" for runtime "io.containerd.kata.v2" 

[  210.526205] kvm: kvm [9573]: vcpu0, guest rIP: 0xffffd97f8193c499 Unhandled WRMSR(0xc0010007) = 0xffff

PARSEC Benchmark Suite Version 3.0-beta-20150206


Loading file "/var/parsec/fluidanimate/in_300K.fluid"...


Number of cells: 135424


Grids steps over x, y, z: 0.00282609 0.0028125 0.00282609


Number of particles: 305809


Saving file "/tmp/out.fluid"...


real	0m 1.20s


user	0m 1.09s


sys	0m 0.09s


[?2004hroot@ubuntu:~/split-kernel/tender# ./pvm_test.sh parsec/freqmine

[?2004l
[33mWARN[0m[0000] cannot set cgroup manager to "systemd" for runtime "io.containerd.kata.v2" 

[  214.149918] kvm: kvm [9886]: vcpu0, guest rIP: 0xffffd97f8193c499 Unhandled WRMSR(0xc0010007) = 0xffff

PARSEC Benchmark Suite Version 3.0-beta-20150206


transaction number is 990002


1548


13483


46649


131381


415489


1239344


2985564


5696308


8709873


10789491


10902648


9011183


6094236


3374161


1530954


564958


165173


36535


5727


578


33


1


the data preparation cost 0.238833 seconds, the FPgrowth cost 4.804648 seconds


real	0m 5.09s


user	0m 4.95s


sys	0m 0.08s


[?2004hroot@ubuntu:~/split-kernel/tender# ./pvm_test.sh parsec/freqmine

[?2004l
[33mWARN[0m[0000] cannot set cgroup manager to "systemd" for runtime "io.containerd.kata.v2" 

[  221.707652] kvm: kvm [10203]: vcpu0, guest rIP: 0xffffd97f8193c499 Unhandled WRMSR(0xc0010007) = 0xffff

PARSEC Benchmark Suite Version 3.0-beta-20150206


transaction number is 990002


1548


13483


46649


131381


415489


1239344


2985564


5696308


8709873


10789491


10902648


9011183


6094236


3374161


1530954


564958


165173


36535


5727


578


33


1


the data preparation cost 0.238678 seconds, the FPgrowth cost 4.702380 seconds


real	0m 4.98s


user	0m 4.87s


sys	0m 0.06s


[?2004hroot@ubuntu:~/split-kernel/tender# ./pvm_test.sh parsec/freqmine

[?2004l
[33mWARN[0m[0000] cannot set cgroup manager to "systemd" for runtime "io.containerd.kata.v2" 

[  229.154459] kvm: kvm [10550]: vcpu0, guest rIP: 0xffffd97f8193c499 Unhandled WRMSR(0xc0010007) = 0xffff

PARSEC Benchmark Suite Version 3.0-beta-20150206


transaction number is 990002


1548


13483


46649


131381


415489


1239344


2985564


5696308


8709873


10789491


10902648


9011183


6094236


3374161


1530954


564958


165173


36535


5727


578


33


1


the data preparation cost 0.238366 seconds, the FPgrowth cost 4.867351 seconds


real	0m 5.14s


user	0m 4.99s


sys	0m 0.11s


[?2004hroot@ubuntu:~/split-kernel/tender# ./pvm_test.sh parsec/freqmine

[?2004l
[33mWARN[0m[0000] cannot set cgroup manager to "systemd" for runtime "io.containerd.kata.v2" 

[  236.815421] kvm: kvm [10889]: vcpu0, guest rIP: 0xffffd97f8193c499 Unhandled WRMSR(0xc0010007) = 0xffff

PARSEC Benchmark Suite Version 3.0-beta-20150206


transaction number is 990002


1548


13483


46649


131381


415489


1239344


2985564


5696308


8709873


10789491


10902648


9011183


6094236


3374161


1530954


564958


165173


36535


5727


578


33


1


the data preparation cost 0.238644 seconds, the FPgrowth cost 4.873888 seconds


real	0m 5.15s


user	0m 5.03s


sys	0m 0.07s


[?2004hroot@ubuntu:~/split-kernel/tender# ./pvm_test.sh parsec/freqmine

[?2004l
[33mWARN[0m[0000] cannot set cgroup manager to "systemd" for runtime "io.containerd.kata.v2" 

[  244.443695] kvm: kvm [11231]: vcpu0, guest rIP: 0xffffd97f8193c499 Unhandled WRMSR(0xc0010007) = 0xffff

PARSEC Benchmark Suite Version 3.0-beta-20150206


transaction number is 990002


1548


13483


46649


131381


415489


1239344


2985564


5696308


8709873


10789491


10902648


9011183


6094236


3374161


1530954


564958


165173


36535


5727


578


33


1


the data preparation cost 0.239333 seconds, the FPgrowth cost 4.756594 seconds


real	0m 5.03s


user	0m 4.93s


sys	0m 0.05s


[?2004hroot@ubuntu: